****************************************************************************
***                            Sentaurus Mesh                            ***
***                        Version P-2019.03-SP1                         ***
***                       (1.1250, x86_64, Linux)                        ***
***                                                                      ***
***                       Copyright (C) 2005-2019                        ***
***                            Synopsys, Inc.                            ***
***                                                                      ***
***  This software and the associated documentation are confidential     ***
***  and proprietary to Synopsys, Inc.  Your use or disclosure of this   ***
***  software is subject to the terms and conditions of a written        ***
***  license agreement between you, or your company, and Synopsys, Inc.  ***
****************************************************************************

Compiled Thu May  2 14:39:03 PDT 2019 on: tcadprod10
Running on: ludwig-boltzmann
Hardware type: x86_64
OS name: Linux
OS release: 3.10.0-1062.9.1.el7.x86_64
OS version: #1 SMP Fri Dec 6 15:49:49 UTC 2019
Process ID: 9820

Flags used: -a -c boxmethod

Loading 1-D profile ./pwell.txt...done
Loading 1-D profile ./nwell.txt...done
Loading 1-D profile ./dpwell.txt...done

===============================  brep quality  ===================================
minAngle: 6.34019  [near (5 -0 45)]
maxAngle: 135  [near (5 -0 45)]
minDihedralAngle: 90  [near (-0 50 50),(-0 50 -0)] at region=substrate
nVerts = 16  nTris = 28  nRegs = 4
bmin: -0 -0 -0
bmax: 50 50 50
min edgeLength: 7.07107  [near (47.5 -0 47.5)]
min area: 40.5  max area: 1250  total area: 15000 interface area: 0
volume: 125000
Conformal? true
Are all boundaries on bbox? true
==================================================================================
** Generating 3d grid **


===============================  brep quality  ===================================
minAngle: 6.34019  [near (5 -0 45)]
maxAngle: 135  [near (5 -0 45)]
minDihedralAngle: 90  [near (-0 50 50),(-0 50 -0)] at region=substrate
nVerts = 16  nTris = 28  nRegs = 4
bmin: -0 -0 -0
bmax: 50 50 50
min edgeLength: 7.07107  [near (47.5 -0 47.5)]
min area: 40.5  max area: 1250  total area: 15000 interface area: 0
volume: 125000
Conformal? true
Are all boundaries on bbox? true
==================================================================================
Creating binary tree...done.
Smoothing out binary tree...done.
Imprinting binary tree on the boundary...done.
Optimizing boundary nodes...done.

===============================  brep quality  ===================================
minAngle: 6.84277  [near (25 0 29.5)]
maxAngle: 127.235  [near (29.6875 0 29.6875)]
minDihedralAngle: 90  [near (50 46.875 50),(50 48.4375 50)] at region=substrate
nVerts = 3642  nTris = 7280  nRegs = 4
bmin: 0 0 0
bmax: 50 50 50
min edgeLength: 0.1875  [near (29.5938 0 28.125)]
min area: 0.0762939  max area: 19.5312  total area: 15000 interface area: 0
volume: 125000
Conformal? true
Are all boundaries on bbox? true
==================================================================================
Number of vertices after binary tree generation : 
  19887 (tree) + 3642 (boundary)

** Delaunizing the mesh **

Creating delaunizer input...done.
Fixing diagonals...done.
Building a generic Delaunay triangulation of the 20015 input vertices ...done.
Setting up planar patches...done.
Initializing protection spheres...done.
Flipping edges...done. (20023 vertices, 116262 elements)
Solving ridges...done. (20229 vertices, 117448 elements)
Solving faces...done. (20249 vertices, 117544 elements)
Optimizing elements...done. (20249 vertices)
Recovering faces...done. (20249 vertices)
Eliminating slivers...done.(164.98deg 5e-05um^2)

============================Report Non-Delaunay elements ============================
Found 0 non-Delaunay elements
Found 0 non-Delaunay boundary faces
Found 0 non-Delaunay ridges
==================================================================================

Assign regions...done.
Store Delaunay weight.

The final mesh has: 
   20241 points.
  109840 elements.
       4 regions.
Max. connectivity = 48 located at (3.125;0.78125;14.0625)

Smallest region: Ntop  Total volume: 0
        MeshGen3DNew::getDelaunizerInput:         7s
                 MeshGen3DNew::delaunize:      7.61s

==============================  tet-grid quality  ================================
    0  10  20  30  40  50  60  70  80  90 100 110 120 130 140 150 160 170 180
 %        2   3   4   6  23   6   8   3  34  .    5   1   4  .   .   .     
---------------------------------------------------------------------------------
minAngle: 5.05115  maxAngle: 164.98
nVerts = 20241  nTets = 109840  nMats = 1
max connectivity (tets per node): 48
bmin: 0 0 0
bmax: 50 50 50
min edgeLength: 0.1875  [near (29.5938 0.195312 22.2656)]
min volume: 0.00457764  max volume: 20.3451  Total volume: 125000
bbox  volume: 125000
Are all boundaries on bbox? true
=================================================================================

Smallest region: substrate  Total volume: 125000
Interpolating data...done.
Adding region interfaces...done
done.
Saving file n105_msh.tdr...done.

===============================  Timer Report===================================
              Total Mesh Generation Time:      17.6s       100%
                       Rate of #Vertices:  1.15e+03
                          Rate of #Edges:         0
                          Rate of #Faces:  6.27e+03
                       Rate of #Elements:  6.24e+03

                              BinaryTree:      1.65s      9.39%
                                 Imprint:     0.554s      3.15%
                           DelaunayInput:      4.63s      26.3%
                           DiagonalFixer:  0.000163s  0.000928%
                          InsertVertices:      2.37s      13.5%
                              Delaunizer:      3.03s      17.2%
                        SphereProtection:     0.538s      3.06%
                        SolveConstraints:      2.18s      12.4%
                        OptimizeElements:     0.551s      3.13%
                            RecoverFaces:     0.325s      1.84%
                           SliverRemover:     0.991s      5.63%
                            Time Covered:      16.8s      95.6%

