****************************************************************************
***                      Sentaurus Structure Editor                      ***
***                        Version K-2015.06-SP1                         ***
***                         (1.7, x86_64, Linux)                         ***
***                                                                      ***
***               Copyright (C) 1994-2015 Synopsys, Inc.                 ***
***        Portions of this software are owned by Spatial Corp.          ***
***            Copyright (C) 1986-2015. All Rights Reserved.             ***
***                                                                      ***
***  This software and the associated documentation are confidential     ***
***  and proprietary to Synopsys, Inc.  Your use or disclosure of this   ***
***  software is subject to the terms and conditions of a written        ***
***  license agreement between you, or your company, and Synopsys, Inc.  ***
****************************************************************************

Compiled Fri Jul 17 16:40:50 PDT 2015 on tcadbld1

Machine type information not available.

version #3 done.
Evaluating file n13_dvs.cmd

---> (define TSi 100)

---> (define WSi 50)

---> (define DSi 50)

---> (define pwW 15)

---> (define pwD 15)

---> (define dpwW 16)

---> (define dpwD 16)

---> (define nwW 10)

---> (define nwD 10)

---> (define nwSTART (- (/ WSi 2) (/ nwW 2)))

---> (define nwSTOP (+ (/ WSi 2) (/ nwW 2)))

---> (define TEpi 7)

---> (sdegeo:create-cuboid (position 0 0 0) (position WSi TSi DSi) Silicon substrate)

---> (sdegeo:imprint-rectangular-wire (position (+ nwSTART 0.5) 0 (+ nwSTART 0.5)) (position (- nwSTOP 0.5) 0 (- nwSTOP 0.5)))

---> (sdegeo:imprint-rectangular-wire (position 0 0 0) (position 5 0 DSi))

---> (sdegeo:imprint-rectangular-wire (position 5 0 0) (position WSi 0 5))

---> (sdegeo:imprint-rectangular-wire (position (- WSi 5) 0 5) (position WSi 0 DSi))

---> (sdegeo:imprint-rectangular-wire (position (- WSi 5) 0 (- DSi 5)) (position 5 0 DSi))

---> (sdegeo:define-contact-set Ptop 4 (color:rgb 1 0 0) ##)

---> (sdegeo:define-contact-set Ntop 4 (color:rgb 0 1 0) ##)

---> (sdegeo:define-contact-set Pbot 4 (color:rgb 0 1 0) ##)

---> (sdegeo:set-current-contact-set Ntop)

---> (sdegeo:define-3d-contact (find-face-id (position (/ WSi 2) 0 (/ DSi 2))) Ntop)

---> (sdegeo:set-current-contact-set Ptop)

---> (sdegeo:define-3d-contact (find-face-id (position 2.5 0 2.5)) Ptop)

---> (sdegeo:define-3d-contact (find-face-id (position 10 0 2.5)) Ptop)

---> (sdegeo:define-3d-contact (find-face-id (position (- WSi 2.5) 0 10)) Ptop)

---> (sdegeo:define-3d-contact (find-face-id (position 10 0 (- DSi 2.5))) Ptop)

---> (sdegeo:set-current-contact-set Pbot)

---> (sdegeo:set-contact-faces (list (car (find-face-id (position 0.5 TSi 0.5)))) Pbot)

(sdegeo:define-3d-contact (list (car (find-face-id (position 25 100 25)))) "Pbot")

---> (sdedr:define-refeval-window WinEpi Cuboid (position -1 -1 -1) (position (+ WSi 1) TEpi (+ DSi 1)))

---> (sdedr:define-refeval-window WinNtop Rectangle (position nwSTART 0 nwSTART) (position nwSTOP 0 nwSTOP))

---> (sdedr:define-refeval-window WinPtop1 Rectangle (position 0 0 0) (position pwW 0 DSi))

---> (sdedr:define-refeval-window WinPtop2 Rectangle (position (- WSi pwW) 0 0) (position WSi 0 DSi))

---> (sdedr:define-refeval-window WinPtop3 Rectangle (position pwW 0 0) (position (- WSi pwW) 0 pwD))

---> (sdedr:define-refeval-window WinPtop4 Rectangle (position pwW 0 (- DSi pwD)) (position (- WSi pwW) 0 DSi))

---> (sdedr:define-refeval-window WinDPtop1 Rectangle (position 0 0 0) (position dpwW 0 DSi))

---> (sdedr:define-refeval-window WinDPtop2 Rectangle (position (- WSi dpwW) 0 0) (position WSi 0 DSi))

---> (sdedr:define-refeval-window WinDPtop3 Rectangle (position dpwW 0 0) (position (- WSi dpwW) 0 dpwD))

---> (sdedr:define-refeval-window WinDPtop4 Rectangle (position dpwW 0 (- DSi dpwD)) (position (- WSi dpwW) 0 DSi))

---> (sdedr:define-refeval-window WinPbot Rectangle (position 0 TSi 0) (position WSi TSi DSi))

---> (sdedr:define-constant-profile ProfSub PhosphorusActiveConcentration 2500000000000.0)

---> (sdedr:define-constant-profile ProfEpi PhosphorusActiveConcentration 100000000000000.0)

---> (sdedr:define-1d-external-profile ProfPwell ./pwell.txt Scale 1 Range 0 1.5 Gauss Factor 0)

---> (sdedr:define-1d-external-profile ProfNwell ./nwell.txt Scale 1 Range 0 1.8 Gauss Factor 0)

---> (sdedr:define-1d-external-profile ProfDPwell ./dpwell.txt Scale 1 Range 0 10 Gauss Factor 0)

---> (sdedr:define-gaussian-profile ProfPbot BoronActiveConcentration PeakPos 0 PeakVal 1e+19 ValueAtDepth 2500000000000.0 Depth 0.1 Gauss Factor 0.8)

---> (sdedr:define-constant-profile-region PlacSub ProfSub substrate)

---> (sdedr:define-constant-profile-placement PlacEpi ProfEpi WinEpi 0.3 Both NoReplace Eval)

---> (sdedr:define-analytical-profile-placement PlacPwell1 ProfPwell WinPtop1 Both NoReplace Eval)

---> (sdedr:define-analytical-profile-placement PlacPwell2 ProfPwell WinPtop2 Both NoReplace Eval)

---> (sdedr:define-analytical-profile-placement PlacPwell3 ProfPwell WinPtop3 Both NoReplace Eval)

---> (sdedr:define-analytical-profile-placement PlacPwell4 ProfPwell WinPtop4 Both NoReplace Eval)

---> (sdedr:define-analytical-profile-placement PlacDPwell1 ProfDPwell WinDPtop1 Both NoReplace Eval)

---> (sdedr:define-analytical-profile-placement PlacDPwell2 ProfDPwell WinDPtop2 Both NoReplace Eval)

---> (sdedr:define-analytical-profile-placement PlacDPwell3 ProfDPwell WinDPtop3 Both NoReplace Eval)

---> (sdedr:define-analytical-profile-placement PlacDPwell4 ProfDPwell WinDPtop4 Both NoReplace Eval)

---> (sdedr:define-analytical-profile-placement PlacNwell ProfNwell WinNtop Both NoReplace Eval)

---> (sdedr:define-analytical-profile-placement PlacPbot ProfPbot WinPbot Both NoReplace Eval)

---> (sdedr:define-refeval-window RefWinGlobal Cuboid (position -1 -1 -1) (position (+ WSi 1) (+ TSi 1) (+ DSi 1)))

---> (sdedr:define-refinement-size RefDefGlobal 20 5 20 4 4 4)

---> (sdedr:define-refinement-placement RefPlacGlobal RefDefGlobal RefWinGlobal)

---> (sdedr:define-refinement-function RefDefGlobal DopingConcentration MaxTransDiff 1)

---> (sdedr:define-refeval-window RefWinSurf Cuboid (position 0 0 0) (position WSi 10 DSi))

---> (sdedr:define-refinement-size RefDefSurf 2.5 2.5 2.5 0.5 0.5 0.5)

---> (sdedr:define-refinement-placement RefPlacSurf RefDefSurf RefWinSurf)

---> (sdedr:define-refinement-function RefDefSurf DopingConcentration MaxTransDiff 1)

---> (sdedr:define-refeval-window RefWinBot Cuboid (position 0 (- TSi 2) 0) (position WSi TSi DSi))

---> (sdedr:define-refinement-size RefDefBot 10 2 10 4 1 4)

---> (sdedr:define-refinement-placement RefPlacBot RefDefBot RefWinBot)

---> (sdedr:define-refinement-function RefDefBot DopingConcentration MaxTransDiff 1)

---> (sdedr:define-refeval-window RefWinPart Cuboid (position (- 25 2) 0 (- 25 2)) (position (+ 25 2) TSi (+ 25 2)))

---> (sdedr:define-refinement-size RefDefPart 0.4 5 0.4 0.15 0.25 0.15)

---> (sdedr:define-refinement-placement RefPlacPart RefDefPart RefWinPart)

---> (sde:save-model p13)

---> (sde:build-mesh snmesh -a -c boxmethod n13)

****************************************************************************
***                            Sentaurus Mesh                            ***
***                        Version K-2015.06-SP1                         ***
***                        (1.13, x86_64, Linux)                         ***
***                                                                      ***
***                       Copyright (C) 2005-2015                        ***
***                            Synopsys, Inc.                          ***
***                                                                      ***
***  This software and the associated documentation are confidential     ***
***  and proprietary to Synopsys, Inc.  Your use or disclosure of this   ***
***  software is subject to the terms and conditions of a written        ***
***  license agreement between you, or your company, and Synopsys, Inc.  ***
****************************************************************************

Compiled Thu Jul 16 00:36:25 PDT 2015 on: tcadbld1
Running on: John_Nash
Hardware type: x86_64
OS name: Linux
OS release: 2.6.32-696.20.1.el6.x86_64
OS version: #1 SMP Fri Jan 26 17:51:45 UTC 2018
Process ID: 47556

Flags used: -a -c boxmethod

Loading 1-D profile ./pwell.txt...done
Loading 1-D profile ./nwell.txt...done
Loading 1-D profile ./dpwell.txt...done
** Generating 3d grid **


===============================  brep quality  ===================================
minAngle: 6.34019  [near (5 -0 45)]
maxAngle: 135  [near (5 -0 45)]
minDihedralAngle: 90  [near (50 -0 50),(50 -0 -0)] at region=substrate
nVerts = 16  nTris = 28  nRegs = 4
bmin: -0 -0 -0
bmax: 50 100 50
min edgeLength: 7.07107  [near (47.5 -0 47.5)]
min area: 40.5  max area: 2500  total area: 25000 interface area: 0
volume: 250000
Conformal? true
Are all boundaries on bbox? true
==================================================================================
Creating binary tree...done.
Smoothing out binary tree...done.
Imprinting binary tree on the boundary...done.
Optimizing boundary nodes...done.

===============================  brep quality  ===================================
minAngle: 6.84277  [near (25 0 29.5)]
maxAngle: 127.235  [near (29.6875 0 29.6875)]
minDihedralAngle: 90  [near (50 -0 50),(48.4375 0 50)] at region=substrate
nVerts = 4082  nTris = 8160  nRegs = 4
bmin: 0 0 0
bmax: 50 100 50
min edgeLength: 0.1875  [near (29.5938 0 28.125)]
min area: 0.0762939  max area: 19.5312  total area: 25000 interface area: 0
volume: 250000
Conformal? true
Are all boundaries on bbox? true
==================================================================================
Number of vertices after binary tree generation : 
  24473 (tree) + 4082 (boundary)

** Delaunizing the mesh **

Creating delaunizer input...done.
Fixing diagonals...done.
Building a generic Delaunay triangulation of the 24601 input vertices purely sequentially ...done.
Setting up planar patches...done.
Initializing protection spheres...done.
Constraint Solver3D purely sequentially ...
Flipping edges...done. (24609 vertices, 143320 elements)
Solving ridges...done. (25263 vertices, 147068 elements)
Solving faces...done. (25347 vertices, 147548 elements)
Optimizing elements...done. (25347 vertices)
Recovering faces...done. (25351 vertices)
Eliminating slivers...done. (164.98 degrees), maxWeight = 1.10129e-13 um^2.

============================Report Non-Delaunay elements ============================
Found 0 non-Delaunay elements
Found 0 non-Delaunay boundary faces
Found 0 non-Delaunay ridges
==================================================================================


The final mesh has: 
   25343 points.
  138666 elements.
       4 regions.
Max. connectivity = 48 located at (45.3125;0.78125;7.8125)

        MeshGen3DNew::getDelaunizerInput:        19s
                 MeshGen3DNew::delaunize:      16.2s

==============================  tet-grid quality  ================================
    0  10  20  30  40  50  60  70  80  90 100 110 120 130 140 150 160 170 180
 %        3   3   4   6  22   6   7   4  34  .    4   1   4  .   .   .     
---------------------------------------------------------------------------------
minAngle: 5.05115  maxAngle: 164.98
nVerts = 25343  nTets = 138666  nMats = 1
max connectivity (tets per node): 48
bmin: 0 0 0
bmax: 50 100 50
min edgeLength: 0.1875  [near (23.8281 0.195312 20.3594)]
min volume: 0.00457764  max volume: 20.3451  Total volume: 250000
bbox  volume: 250000
Are all boundaries on bbox? true
=================================================================================
Interpolating data...done.
done.
Saving file n13_msh.tdr...done.

===============================  Timer Report===================================
              Total Mesh Generation Time:      42.5s       100%
                       Rate of #Vertices:       596
                          Rate of #Edges:         0
                          Rate of #Faces:  3.24e+03
                       Rate of #Elements:  3.26e+03

                              BinaryTree:      4.74s      11.2%
                                 Imprint:      1.28s         3%
                           DelaunayInput:      13.5s      31.7%
                           DiagonalFixer:  0.000202s  0.000476%
                          InsertVertices:      5.52s        13%
                              Delaunizer:      5.96s        14%
                        SphereProtection:      1.06s       2.5%
                        SolveConstraints:      4.85s      11.4%
                        OptimizeElements:    0.0489s     0.115%
                            RecoverFaces:      2.13s      5.01%
                           SliverRemover:      2.16s      5.09%
                            Time Covered:      41.2s        97%


"Meshing successful"
---> #[end-of-file]

"************************************************************************"
"Sentaurus Structure Editor "
"Start Time:    Mon Nov  4 11:28:19 2019"
"End   Time:    Mon Nov  4 11:29:05 2019"
"Total Execution Time (sec):    46"
"Total System calls Time (sec): 0"
"************************************************************************"
