Evaluating file n13_dvs.cmd
---> (define TSi 100)
TSi
---> (define WSi 50)
WSi
---> (define DSi 50)
DSi
---> (define pwW 15)
pwW
---> (define pwD 15)
pwD
---> (define dpwW 16)
dpwW
---> (define dpwD 16)
dpwD
---> (define nwW 10)
nwW
---> (define nwD 10)
nwD
---> (define nwSTART (- (/ WSi 2) (/ nwW 2)))
nwSTART
---> (define nwSTOP (+ (/ WSi 2) (/ nwW 2)))
nwSTOP
---> (define TEpi 7)
TEpi
---> (sdegeo:create-cuboid (position 0 0 0) (position WSi TSi DSi) Silicon substrate)
#[body 5 1]
---> (sdegeo:imprint-rectangular-wire (position (+ nwSTART 0.5) 0 (+ nwSTART 0.5)) (position (- nwSTOP 0.5) 0 (- nwSTOP 0.5)))
(#[face 6 1])
---> (sdegeo:imprint-rectangular-wire (position 0 0 0) (position 5 0 DSi))
(#[face 7 1])
---> (sdegeo:imprint-rectangular-wire (position 5 0 0) (position WSi 0 5))
(#[face 8 1])
---> (sdegeo:imprint-rectangular-wire (position (- WSi 5) 0 5) (position WSi 0 DSi))
(#[face 9 1])
---> (sdegeo:imprint-rectangular-wire (position (- WSi 5) 0 (- DSi 5)) (position 5 0 DSi))
(#[face 10 1])
---> (sdegeo:define-contact-set Ptop 4 (color:rgb 1 0 0) ##)
()
---> (sdegeo:define-contact-set Ntop 4 (color:rgb 0 1 0) ##)
()
---> (sdegeo:define-contact-set Pbot 4 (color:rgb 0 1 0) ##)
()
---> (sdegeo:set-current-contact-set Ntop)
""
---> (sdegeo:define-3d-contact (find-face-id (position (/ WSi 2) 0 (/ DSi 2))) Ntop)
()
---> (sdegeo:set-current-contact-set Ptop)
"Ntop"
---> (sdegeo:define-3d-contact (find-face-id (position 2.5 0 2.5)) Ptop)
()
---> (sdegeo:define-3d-contact (find-face-id (position 10 0 2.5)) Ptop)
()
---> (sdegeo:define-3d-contact (find-face-id (position (- WSi 2.5) 0 10)) Ptop)
()
---> (sdegeo:define-3d-contact (find-face-id (position 10 0 (- DSi 2.5))) Ptop)
()
---> (sdegeo:set-current-contact-set Pbot)
"Ptop"
---> (sdegeo:set-contact-faces (list (car (find-face-id (position 0.5 TSi 0.5)))) Pbot)
#t
---> (sdedr:define-refeval-window WinEpi Cuboid (position -1 -1 -1) (position (+ WSi 1) TEpi (+ DSi 1)))
#[body 17 1]
---> (sdedr:define-refeval-window WinNtop Rectangle (position nwSTART 0 nwSTART) (position nwSTOP 0 nwSTOP))
#[body 18 1]
---> (sdedr:define-refeval-window WinPtop1 Rectangle (position 0 0 0) (position pwW 0 DSi))
#[body 19 1]
---> (sdedr:define-refeval-window WinPtop2 Rectangle (position (- WSi pwW) 0 0) (position WSi 0 DSi))
#[body 20 1]
---> (sdedr:define-refeval-window WinPtop3 Rectangle (position pwW 0 0) (position (- WSi pwW) 0 pwD))
#[body 21 1]
---> (sdedr:define-refeval-window WinPtop4 Rectangle (position pwW 0 (- DSi pwD)) (position (- WSi pwW) 0 DSi))
#[body 22 1]
---> (sdedr:define-refeval-window WinDPtop1 Rectangle (position 0 0 0) (position dpwW 0 DSi))
#[body 23 1]
---> (sdedr:define-refeval-window WinDPtop2 Rectangle (position (- WSi dpwW) 0 0) (position WSi 0 DSi))
#[body 24 1]
---> (sdedr:define-refeval-window WinDPtop3 Rectangle (position dpwW 0 0) (position (- WSi dpwW) 0 dpwD))
#[body 25 1]
---> (sdedr:define-refeval-window WinDPtop4 Rectangle (position dpwW 0 (- DSi dpwD)) (position (- WSi dpwW) 0 DSi))
#[body 26 1]
---> (sdedr:define-refeval-window WinPbot Rectangle (position 0 TSi 0) (position WSi TSi DSi))
#[body 27 1]
---> (sdedr:define-constant-profile ProfSub PhosphorusActiveConcentration 2500000000000.0)
#t
---> (sdedr:define-constant-profile ProfEpi PhosphorusActiveConcentration 100000000000000.0)
#t
---> (sdedr:define-1d-external-profile ProfPwell ./pwell.txt Scale 1 Range 0 1.5 Gauss Factor 0)
#t
---> (sdedr:define-1d-external-profile ProfNwell ./nwell.txt Scale 1 Range 0 1.8 Gauss Factor 0)
#t
---> (sdedr:define-1d-external-profile ProfDPwell ./dpwell.txt Scale 1 Range 0 10 Gauss Factor 0)
#t
---> (sdedr:define-gaussian-profile ProfPbot BoronActiveConcentration PeakPos 0 PeakVal 1e+19 ValueAtDepth 2500000000000.0 Depth 0.1 Gauss Factor 0.8)
#t
---> (sdedr:define-constant-profile-region PlacSub ProfSub substrate)
#t
---> (sdedr:define-constant-profile-placement PlacEpi ProfEpi WinEpi 0.3 Both NoReplace Eval)
#t
---> (sdedr:define-analytical-profile-placement PlacPwell1 ProfPwell WinPtop1 Both NoReplace Eval)
#t
---> (sdedr:define-analytical-profile-placement PlacPwell2 ProfPwell WinPtop2 Both NoReplace Eval)
#t
---> (sdedr:define-analytical-profile-placement PlacPwell3 ProfPwell WinPtop3 Both NoReplace Eval)
#t
---> (sdedr:define-analytical-profile-placement PlacPwell4 ProfPwell WinPtop4 Both NoReplace Eval)
#t
---> (sdedr:define-analytical-profile-placement PlacDPwell1 ProfDPwell WinDPtop1 Both NoReplace Eval)
#t
---> (sdedr:define-analytical-profile-placement PlacDPwell2 ProfDPwell WinDPtop2 Both NoReplace Eval)
#t
---> (sdedr:define-analytical-profile-placement PlacDPwell3 ProfDPwell WinDPtop3 Both NoReplace Eval)
#t
---> (sdedr:define-analytical-profile-placement PlacDPwell4 ProfDPwell WinDPtop4 Both NoReplace Eval)
#t
---> (sdedr:define-analytical-profile-placement PlacNwell ProfNwell WinNtop Both NoReplace Eval)
#t
---> (sdedr:define-analytical-profile-placement PlacPbot ProfPbot WinPbot Both NoReplace Eval)
#t
---> (sdedr:define-refeval-window RefWinGlobal Cuboid (position -1 -1 -1) (position (+ WSi 1) (+ TSi 1) (+ DSi 1)))
#[body 28 1]
---> (sdedr:define-refinement-size RefDefGlobal 20 5 20 4 4 4)
#t
---> (sdedr:define-refinement-placement RefPlacGlobal RefDefGlobal RefWinGlobal)
#t
---> (sdedr:define-refinement-function RefDefGlobal DopingConcentration MaxTransDiff 1)
#t
---> (sdedr:define-refeval-window RefWinSurf Cuboid (position 0 0 0) (position WSi 10 DSi))
#[body 29 1]
---> (sdedr:define-refinement-size RefDefSurf 2.5 2.5 2.5 0.5 0.5 0.5)
#t
---> (sdedr:define-refinement-placement RefPlacSurf RefDefSurf RefWinSurf)
#t
---> (sdedr:define-refinement-function RefDefSurf DopingConcentration MaxTransDiff 1)
#t
---> (sdedr:define-refeval-window RefWinBot Cuboid (position 0 (- TSi 2) 0) (position WSi TSi DSi))
#[body 30 1]
---> (sdedr:define-refinement-size RefDefBot 10 2 10 4 1 4)
#t
---> (sdedr:define-refinement-placement RefPlacBot RefDefBot RefWinBot)
#t
---> (sdedr:define-refinement-function RefDefBot DopingConcentration MaxTransDiff 1)
#t
---> (sdedr:define-refeval-window RefWinPart Cuboid (position (- 25 2) 0 (- 25 2)) (position (+ 25 2) TSi (+ 25 2)))
#[body 31 1]
---> (sdedr:define-refinement-size RefDefPart 0.4 5 0.4 0.15 0.25 0.15)
#t
---> (sdedr:define-refinement-placement RefPlacPart RefDefPart RefWinPart)
#t
---> (sde:save-model p13)
#t
---> (sde:build-mesh snmesh -a -c boxmethod n13)
#t
---> #[end-of-file]
"************************************************************************"
"Sentaurus Structure Editor "
"Start Time:    Mon Nov  4 11:28:19 2019"
"End   Time:    Mon Nov  4 11:29:05 2019"
"Total Execution Time (sec):    46"
"Total System calls Time (sec): 0"
"************************************************************************"
