###########################################
# Sentaurus Visual P-2019.03-SP1.
# Tcl log file.
#------------------------------------------
# Date: Feb 06, 2020. 16:54:52.
# Version: 29.0.1250 (1.1250)
# Mode: Batch.
# Hostname: localhost.localdomain.
# Machine: Linux, x86_64, x86_64.
# Kernel: 4.18.0-147.3.1.el8_1.x86_64.
###########################################

load_script_file /home/cneubueser/sim/DB/ARCADIA25um_surfaceDamage/tmp/cv_0.5_100.tcl
cd /home/cneubueser/sim/DB/ARCADIA25um_surfaceDamage/tmp
  load_file /home/cneubueser/sim/DB/ARCADIA25um_surfaceDamage/cv_ac_0.5_100_ac_des.plt
#--> cv_ac_0.5_100_ac_des
  create_plot -1d
  select_plots {Plot_1}
#--> Plot_1
#--> Plot_1
  select_plots {Plot_1}
#--> Plot_1
  create_curve -plot Plot_1 -dataset {cv_ac_0.5_100_ac_des} -axisX v(Pbot) -axisY c(Ntop,Ntop)
#--> Curve_1
  export_curves {Curve_1} -plot Plot_1 -filename /home/cneubueser/sim/DB/ARCADIA25um_surfaceDamage/tmp/cv_0.5_100.csv -format csv -overwrite
#--> /home/cneubueser/sim/DB/ARCADIA25um_surfaceDamage/tmp/cv_0.5_100.csv
#-> 0
 
