###########################################
# Sentaurus Visual P-2019.03-SP1.
# Tcl log file.
#------------------------------------------
# Date: Feb 10, 2020. 17:15:59.
# Version: 29.0.1250 (1.1250)
# Mode: Interactive (GUI).
# Mesa: enabled.
# Hostname: localhost.localdomain.
# Machine: Linux, x86_64, x86_64.
# Kernel: 4.18.0-147.3.1.el8_1.x86_64.
###########################################

load_file /home/cneubueser/tcad_sim/DB/ARCADIA25um_strip_3D_CV4/cv_n47_ac_des.plt
create_plot -1d
select_plots {Plot_1}
#-> Plot_1
#-> Plot_1
#-> cv_n47_ac_des
create_curve -plot Plot_1 -dataset {cv_n47_ac_des} -axisX v(Pbot) -axisY c(Ntop,Ntop)
#-> Curve_1
export_curves {Curve_1} -plot Plot_1 -filename /home/cneubueser/tcad_sim/DB/ARCADIA25um_strip_3D_CV4/tmp/cv_50um.csv -format csv
#-> /home/cneubueser/tcad_sim/DB/ARCADIA25um_strip_3D_CV4/tmp/cv_50um.csv
exit 0
 
