###########################################
# Sentaurus Visual P-2019.03-SP1.
# Tcl log file.
#------------------------------------------
# Date: Mar 16, 2020. 16:37:36.
# Version: 29.0.1250 (1.1250)
# Mode: Batch.
# Hostname: ludwig-boltzmann.
# Machine: Linux, x86_64, x86_64.
# Kernel: 3.10.0-1062.9.1.el7.x86_64.
###########################################

load_script_file /home/neubuser/tcad_sim/DB/ARCADIA50um_3D_4pxls_particle1/tmp/tran_4_50_0_0_-17_1.924e-5.csv.tcl
cd /home/neubuser/tcad_sim/DB/ARCADIA50um_3D_4pxls_particle1/tmp
  load_file /home/neubuser/tcad_sim/DB/ARCADIA50um_3D_4pxls_particle1/tran_50_0_0_-17_1.924e-5.plt
#--> tran_50_0_0_-17_1.924e-5
  create_plot -1d
  select_plots {Plot_1}
#--> Plot_1
#--> Plot_1
  select_plots {Plot_1}
#--> Plot_1
  create_curve -plot Plot_1 -dataset {tran_50_0_0_-17_1.924e-5} -axisX time -axisY {Ntop_0_0 TotalCurrent}
#--> Curve_1
  create_curve -plot Plot_1 -dataset {tran_50_0_0_-17_1.924e-5} -axisX time -axisY {Ntop_0_1 TotalCurrent}
#--> Curve_2
  create_curve -plot Plot_1 -dataset {tran_50_0_0_-17_1.924e-5} -axisX time -axisY {Ntop_1_0 TotalCurrent}
#--> Curve_3
  create_curve -plot Plot_1 -dataset {tran_50_0_0_-17_1.924e-5} -axisX time -axisY {Ntop_1_1 TotalCurrent}
#--> Curve_4
  export_curves {Curve_1 Curve_2 Curve_3 Curve_4} -plot Plot_1 -filename /home/neubuser/tcad_sim/DB/ARCADIA50um_3D_4pxls_particle1/tmp/tran_4_50_0_0_-17_1.924e-5.csv -format csv -overwrite
#--> /home/neubuser/tcad_sim/DB/ARCADIA50um_3D_4pxls_particle1/tmp/tran_4_50_0_0_-17_1.924e-5.csv
#-> 0
 
