###########################################
# Sentaurus Visual P-2019.03-SP1.
# Tcl log file.
#------------------------------------------
# Date: Feb 16, 2020. 14:30:00.
# Version: 29.0.1250 (1.1250)
# Mode: Batch.
# Hostname: localhost.localdomain.
# Machine: Linux, x86_64, x86_64.
# Kernel: 4.18.0-147.5.1.el8_1.x86_64.
###########################################

load_script_file /home/cneubueser/tcad_sim/DB/ARCADIA25um_pwell/tmp/cv_4.25_7.csv.tcl
cd /home/cneubueser/tcad_sim/DB/ARCADIA25um_pwell/tmp
  load_file /home/cneubueser/tcad_sim/DB/ARCADIA25um_pwell/cv_ac_4.25_7_ac_des.plt
#--> cv_ac_4.25_7_ac_des
  create_plot -1d
  select_plots {Plot_1}
#--> Plot_1
#--> Plot_1
  select_plots {Plot_1}
#--> Plot_1
  create_curve -plot Plot_1 -dataset {cv_ac_4.25_7_ac_des} -axisX v(Pbot) -axisY c(Ntop,Ntop)
#--> Curve_1
  export_curves {Curve_1} -plot Plot_1 -filename /home/cneubueser/tcad_sim/DB/ARCADIA25um_pwell/tmp/cv_4.25_7.csv -format csv -overwrite
#--> /home/cneubueser/tcad_sim/DB/ARCADIA25um_pwell/tmp/cv_4.25_7.csv
#-> 0
 
