###########################################
# Sentaurus Visual P-2019.03-SP1.
# Tcl log file.
#------------------------------------------
# Date: Feb 16, 2020. 14:26:53.
# Version: 29.0.1250 (1.1250)
# Mode: Batch.
# Hostname: localhost.localdomain.
# Machine: Linux, x86_64, x86_64.
# Kernel: 4.18.0-147.5.1.el8_1.x86_64.
###########################################

load_script_file /home/cneubueser/tcad_sim/DB/ARCADIA25um_pwell/tmp/iv_b_0.0_8.csv.tcl
cd /home/cneubueser/tcad_sim/DB/ARCADIA25um_pwell/tmp
  load_file /home/cneubueser/tcad_sim/DB/ARCADIA25um_pwell/iv_0.0_8.plt
#--> iv_0.0_8
  create_plot -1d
  select_plots {Plot_1}
#--> Plot_1
#--> Plot_1
  select_plots {Plot_1}
#--> Plot_1
  create_curve -plot Plot_1 -dataset {iv_0.0_8} -axisX {Pbot OuterVoltage} -axisY {Ptop TotalCurrent}
#--> Curve_1
  export_curves {Curve_1} -plot Plot_1 -filename /home/cneubueser/tcad_sim/DB/ARCADIA25um_pwell/tmp/iv_b_0.0_8.csv -format csv -overwrite
#--> /home/cneubueser/tcad_sim/DB/ARCADIA25um_pwell/tmp/iv_b_0.0_8.csv
#-> 0
 
