###########################################
# Sentaurus Visual P-2019.03-SP1.
# Tcl log file.
#------------------------------------------
# Date: Jan 31, 2020. 18:21:16.
# Version: 29.0.1250 (1.1250)
# Mode: Interactive (GUI).
# Mesa: enabled.
# Hostname: localhost.localdomain.
# Machine: Linux, x86_64, x86_64.
# Kernel: 4.18.0-147.3.1.el8_1.x86_64.
###########################################

  list_custom_buttons
  remove_custom_buttons {}
  add_custom_button -name + -desc {Add Custom Button} -script ::customButtons::addButton
#--> +
  add_custom_button -name - -desc {Delete Custom Button} -script ::customButtons::removeButton
#--> -
load_script_file /home/cneubueser/synopsys/DB/Pixel25um/ARCADIA25um_epi4_surfaceDamage/csv_0.tcl
cd /home/cneubueser/synopsys/DB/Pixel25um/ARCADIA25um_epi4_surfaceDamage
  load_file /home/cneubueser/synopsys/DB/Pixel25um/ARCADIA25um_epi4_surfaceDamage/cv_n191_ac_des.plt
#--> cv_n191_ac_des
  create_plot -1d
  select_plots {Plot_1}
#--> Plot_1
#--> Plot_1
  select_plots {Plot_1}
#--> Plot_1
  create_curve -plot Plot_1 -dataset {cv_n191_ac_des} -axisX v(Pbot) -axisY c(Ntop,Ntop)
#--> Curve_1
  export_curves {Curve_1} -plot Plot_1 -filename /home/cneubueser/synopsys/DB/Pixel25um/ARCADIA25um_epi4_surfaceDamage/cv_0.csv -format csv
#--> /home/cneubueser/synopsys/DB/Pixel25um/ARCADIA25um_epi4_surfaceDamage/cv_0.csv
#-> 0
exit 0
 
