****************************************************************************
***                            Sentaurus Mesh                            ***
***                        Version P-2019.03-SP1                         ***
***                       (1.1250, x86_64, Linux)                        ***
***                                                                      ***
***                       Copyright (C) 2005-2019                        ***
***                            Synopsys, Inc.                            ***
***                                                                      ***
***  This software and the associated documentation are confidential     ***
***  and proprietary to Synopsys, Inc.  Your use or disclosure of this   ***
***  software is subject to the terms and conditions of a written        ***
***  license agreement between you, or your company, and Synopsys, Inc.  ***
****************************************************************************

Compiled Thu May  2 14:39:03 PDT 2019 on: tcadprod10
Running on: localhost.localdomain
Hardware type: x86_64
OS name: Linux
OS release: 4.18.0-147.3.1.el8_1.x86_64
OS version: #1 SMP Fri Jan 3 23:55:26 UTC 2020
Process ID: 16952

Flags used: -a -c boxmethod

Loading 1-D profile ./pwell.txt...done
Loading 1-D profile ./nwell.txt...done
Loading 1-D profile ./dpwell.txt...done
** Generating 2d grid **

Creating binary tree...done.
Imprinting binary tree on the boundary...done.
Optimizing boundary nodes...done.

Number of vertices after binary tree generation : 
  9662 (tree) + 495 (boundary)

** Delaunizing the mesh **

Creating delaunizer input...done.
Solving edges...done 
Optimizing elements...done. (9807 vertices)
Fixing diagonals...done.

The final mesh has: 
    9803 points.
   19246 elements.
       5 regions.
Max. connectivity = 7 located at (2.92969;0.0941406)


==============================  tri-grid quality  ================================
    0  10  20  30  40  50  60  70  80  90 100 110 120 130 140 150 160 170 180
 %    1   4  .    8  20  21   8  .    4  34                                
---------------------------------------------------------------------------------
minAngle: 0.449405  maxAngle: 90.2287
nVerts = 9803  nTris = 19246  nMats = 2
max connectivity (tris per node): 7
bmin: -0 -0.2
bmax: 25 50
min edgeLength: 0.00390625  [near (3.125 -0.00195313)]
min volume: 9.53674e-05  max volume: 2.45117  Total volume: 1255
bbox  volume: 1255
Are all boundaries on bbox? true
=================================================================================

Smallest region: oxide  Total volume: 5
Interpolating data...done.
done.
Saving file n186_msh.tdr...done.

===============================  Timer Report===================================
              Total Mesh Generation Time:     0.711s       100%
                       Rate of #Vertices:  1.38e+04
                          Rate of #Edges:  2.73e+04
                          Rate of #Faces:  2.71e+04
                       Rate of #Elements:         0

                            Time Covered:         0s         0%

