###########################################
# Sentaurus Visual P-2019.03-SP1.
# Tcl log file.
#------------------------------------------
# Date: Feb 26, 2020. 11:03:20.
# Version: 29.0.1250 (1.1250)
# Mode: Batch.
# Hostname: ludwig-boltzmann.
# Machine: Linux, x86_64, x86_64.
# Kernel: 3.10.0-1062.9.1.el7.x86_64.
###########################################

load_script_file /home/neubuser/tcad_sim/DB/ARCADIA50um_3D_particle1/tmp/tran_50_1.28e-5.csv.tcl
cd /home/neubuser/tcad_sim/DB/ARCADIA50um_3D_particle1/tmp
  load_file /home/neubuser/tcad_sim/DB/ARCADIA50um_3D_particle1/tran_50_1.28e-5.plt
#--> tran_50_1.28e-5
  create_plot -1d
  select_plots {Plot_1}
#--> Plot_1
#--> Plot_1
  select_plots {Plot_1}
#--> Plot_1
  create_curve -plot Plot_1 -dataset {tran_50_1.28e-5} -axisX time -axisY {Ntop TotalCurrent}
#--> Curve_1
  export_curves {Curve_1} -plot Plot_1 -filename /home/neubuser/tcad_sim/DB/ARCADIA50um_3D_particle1/tmp/tran_50_1.28e-5.csv -format csv -overwrite
#--> /home/neubuser/tcad_sim/DB/ARCADIA50um_3D_particle1/tmp/tran_50_1.28e-5.csv
#-> 0
 
